<?xml version="1.0" encoding="UTF-8"?>
<!-- Generated by org.testng.reporters.JUnitReportReporter -->
<testsuite skipped="0" hostname="DESKTOP-3TDB8FM" name="Runner.TestRunner" tests="1" failures="0" timestamp="12 Jan 2020 19:52:48 GMT" time="16.374" errors="0">
  <testcase name="feature" time="16.374" classname="Runner.TestRunner"/>
</testsuite> <!-- Runner.TestRunner -->
